<?xml version="1.0" encoding="UTF-8"?>
<!-- Generated by org.testng.reporters.JUnitReportReporter -->
<testsuite hostname="DESKTOP-LOJTFAJ" failures="0" tests="4" name="tests.Tests" time="9.805" errors="0" timestamp="2022-03-10T13:50:01 CET" skipped="0">
  <testcase classname="tests.Tests" name="test2" time="3.012"/>
  <system-out/>
  <testcase classname="tests.Tests" name="test1" time="3.233"/>
  <system-out/>
  <testcase classname="tests.Tests" name="test0" time="0.444"/>
  <system-out/>
  <testcase classname="tests.Tests" name="test3" time="3.116"/>
  <system-out/>
</testsuite> <!-- tests.Tests -->
