<?xml version="1.0" encoding="UTF-8"?>
<!-- Generated by org.testng.reporters.JUnitReportReporter -->
<testsuite hostname="DESKTOP-LOJTFAJ" failures="0" tests="1" name="tests.BaseClass" time="0.513" errors="0" timestamp="2022-03-09T17:39:07 CET" skipped="0">
  <testcase classname="tests.BaseClass" name="testCreateSession" time="0.513"/>
  <system-out/>
</testsuite> <!-- tests.BaseClass -->
